<?xml version="1.0" encoding="UTF-8"?>
<!-- Generated by org.testng.reporters.JUnitReportReporter -->
<testsuite skipped="0" hostname="LAPTOP-OFIJ2E99" name="DownloadFileDemo.DownloadFileInChrome" tests="1" failures="0" timestamp="2020-02-12T01:27:17 EST" time="13.593" errors="0">
  <testcase name="fileDownloadTest" time="13.593" classname="DownloadFileDemo.DownloadFileInChrome"/>
</testsuite> <!-- DownloadFileDemo.DownloadFileInChrome -->
