<?xml version="1.0" encoding="UTF-8"?>
<!-- Generated by org.testng.reporters.JUnitReportReporter -->
<testsuite skipped="0" hostname="LAPTOP-OFIJ2E99" name="com.qa.tests.GetMethods" tests="1" failures="0" timestamp="2020-02-14T15:35:04 EST" time="1.163" errors="0">
  <testcase name="getMethodTest" time="1.163" classname="com.qa.tests.GetMethods"/>
</testsuite> <!-- com.qa.tests.GetMethods -->
