<?xml version="1.0" encoding="UTF-8"?>
<!-- Generated by org.testng.reporters.JUnitReportReporter -->
<testsuite skipped="0" hostname="LAPTOP-OFIJ2E99" name="CheckBox" tests="2" failures="0" timestamp="2020-02-24T13:26:34 EST" time="18.631" errors="0">
  <testcase name="checkBoxTest" time="8.538" classname="CheckBox"/>
  <testcase name="radioBtncheckBoxTest" time="10.093" classname="CheckBox"/>
</testsuite> <!-- CheckBox -->
